2014/10/27 22:09:13 [error] [exception.CDbException] exception 'CDbException' with message 'CDbConnection failed to open the DB connection: SQLSTATE[28000] [1045] Access denied for user 'root'@'localhost' (using password: NO)' in /Applications/MAMP/htdocs/dbrain/frameworks/framework/db/CDbConnection.php:382
Stack trace:
#0 /Applications/MAMP/htdocs/dbrain/frameworks/framework/db/CDbConnection.php(330): CDbConnection->open()
#1 /Applications/MAMP/htdocs/dbrain/frameworks/framework/db/CDbConnection.php(308): CDbConnection->setActive(true)
#2 /Applications/MAMP/htdocs/dbrain/frameworks/framework/base/CModule.php(387): CDbConnection->init()
#3 /Applications/MAMP/htdocs/dbrain/frameworks/framework/base/CApplication.php(450): CModule->getComponent('db')
#4 /Applications/MAMP/htdocs/dbrain/frameworks/framework/db/ar/CActiveRecord.php(637): CApplication->getDb()
#5 /Applications/MAMP/htdocs/dbrain/frameworks/framework/db/ar/CActiveRecord.php(670): CActiveRecord->getDbConnection()
#6 /Applications/MAMP/htdocs/dbrain/frameworks/framework/db/ar/CActiveRecord.php(1458): CActiveRecord->getCommandBuilder()
#7 /Applications/MAMP/htdocs/dbrain/cms/protected/models/LoginForm.php(111): CActiveRecord->find(Array)
#8 /Applications/MAMP/htdocs/dbrain/frameworks/framework/base/CComponent.php(111): LoginForm->getUser()
#9 /Applications/MAMP/htdocs/dbrain/cms/protected/models/LoginForm.php(121): CComponent->__get('user')
#10 /Applications/MAMP/htdocs/dbrain/cms/protected/views/site/login.php(94): LoginForm->getRequireCaptcha()
#11 /Applications/MAMP/htdocs/dbrain/frameworks/framework/web/CBaseController.php(126): require('/Applications/M...')
#12 /Applications/MAMP/htdocs/dbrain/frameworks/framework/web/CBaseController.php(95): CBaseController->renderInternal('/Applications/M...', Array, true)
#13 /Applications/MAMP/htdocs/dbrain/frameworks/framework/web/CController.php(869): CBaseController->renderFile('/Applications/M...', Array, true)
#14 /Applications/MAMP/htdocs/dbrain/frameworks/framework/web/CController.php(782): CController->renderPartial('login', Array, true)
#15 /Applications/MAMP/htdocs/dbrain/cms/protected/controllers/SiteController.php(215): CController->render('login', Array)
#16 /Applications/MAMP/htdocs/dbrain/frameworks/framework/web/actions/CInlineAction.php(49): SiteController->actionLogin()
#17 /Applications/MAMP/htdocs/dbrain/frameworks/framework/web/CController.php(308): CInlineAction->runWithParams(Array)
#18 /Applications/MAMP/htdocs/dbrain/frameworks/framework/web/CController.php(286): CController->runAction(Object(CInlineAction))
#19 /Applications/MAMP/htdocs/dbrain/frameworks/framework/web/CController.php(265): CController->runActionWithFilters(Object(CInlineAction), Array)
#20 /Applications/MAMP/htdocs/dbrain/frameworks/framework/web/CWebApplication.php(282): CController->run('login')
#21 /Applications/MAMP/htdocs/dbrain/frameworks/framework/web/CWebApplication.php(141): CWebApplication->runController('site/login')
#22 /Applications/MAMP/htdocs/dbrain/frameworks/framework/base/CApplication.php(180): CWebApplication->processRequest()
#23 /Applications/MAMP/htdocs/dbrain/cms/index.php(33): CApplication->run()
#24 {main}
REQUEST_URI=/site/login
---
2014/10/28 15:11:49 [error] [exception.CDbException] exception 'CDbException' with message 'CDbConnection failed to open the DB connection: SQLSTATE[28000] [1045] Access denied for user 'root'@'localhost' (using password: NO)' in /Applications/MAMP/htdocs/dbrain/frameworks/framework/db/CDbConnection.php:382
Stack trace:
#0 /Applications/MAMP/htdocs/dbrain/frameworks/framework/db/CDbConnection.php(330): CDbConnection->open()
#1 /Applications/MAMP/htdocs/dbrain/frameworks/framework/db/CDbConnection.php(308): CDbConnection->setActive(true)
#2 /Applications/MAMP/htdocs/dbrain/frameworks/framework/base/CModule.php(387): CDbConnection->init()
#3 /Applications/MAMP/htdocs/dbrain/frameworks/framework/base/CApplication.php(450): CModule->getComponent('db')
#4 /Applications/MAMP/htdocs/dbrain/frameworks/framework/db/ar/CActiveRecord.php(637): CApplication->getDb()
#5 /Applications/MAMP/htdocs/dbrain/frameworks/framework/db/ar/CActiveRecord.php(670): CActiveRecord->getDbConnection()
#6 /Applications/MAMP/htdocs/dbrain/frameworks/framework/db/ar/CActiveRecord.php(1458): CActiveRecord->getCommandBuilder()
#7 /Applications/MAMP/htdocs/dbrain/cms/protected/models/LoginForm.php(111): CActiveRecord->find(Array)
#8 /Applications/MAMP/htdocs/dbrain/frameworks/framework/base/CComponent.php(111): LoginForm->getUser()
#9 /Applications/MAMP/htdocs/dbrain/cms/protected/models/LoginForm.php(121): CComponent->__get('user')
#10 /Applications/MAMP/htdocs/dbrain/cms/protected/views/site/login.php(94): LoginForm->getRequireCaptcha()
#11 /Applications/MAMP/htdocs/dbrain/frameworks/framework/web/CBaseController.php(126): require('/Applications/M...')
#12 /Applications/MAMP/htdocs/dbrain/frameworks/framework/web/CBaseController.php(95): CBaseController->renderInternal('/Applications/M...', Array, true)
#13 /Applications/MAMP/htdocs/dbrain/frameworks/framework/web/CController.php(869): CBaseController->renderFile('/Applications/M...', Array, true)
#14 /Applications/MAMP/htdocs/dbrain/frameworks/framework/web/CController.php(782): CController->renderPartial('login', Array, true)
#15 /Applications/MAMP/htdocs/dbrain/cms/protected/controllers/SiteController.php(215): CController->render('login', Array)
#16 /Applications/MAMP/htdocs/dbrain/frameworks/framework/web/actions/CInlineAction.php(49): SiteController->actionLogin()
#17 /Applications/MAMP/htdocs/dbrain/frameworks/framework/web/CController.php(308): CInlineAction->runWithParams(Array)
#18 /Applications/MAMP/htdocs/dbrain/frameworks/framework/web/CController.php(286): CController->runAction(Object(CInlineAction))
#19 /Applications/MAMP/htdocs/dbrain/frameworks/framework/web/CController.php(265): CController->runActionWithFilters(Object(CInlineAction), Array)
#20 /Applications/MAMP/htdocs/dbrain/frameworks/framework/web/CWebApplication.php(282): CController->run('login')
#21 /Applications/MAMP/htdocs/dbrain/frameworks/framework/web/CWebApplication.php(141): CWebApplication->runController('site/login')
#22 /Applications/MAMP/htdocs/dbrain/frameworks/framework/base/CApplication.php(180): CWebApplication->processRequest()
#23 /Applications/MAMP/htdocs/dbrain/cms/index.php(33): CApplication->run()
#24 {main}
REQUEST_URI=/site/login
---
